Build started 22/10/2015 21:41:02.
     1>Project "C:\Users\Pau\Documents\GitHub\PinballGame\Physics2_class3 - handout\SDL Game.vcxproj" on node 2 (Build target(s)).
     1>ClCompile:
         C:\Program Files (x86)\Microsoft Visual Studio 12.0\VC\bin\CL.exe /c /ZI /nologo /W3 /WX- /sdl /Od /Oy- /D _MBCS /Gm /RTC1 /MDd /GS /fp:precise /Zc:wchar_t /Zc:forScope /Fo"Debug\\" /Fd"Debug\vc120.pdb" /Gd /TP /analyze- /errorReport:prompt ModuleSceneIntro.cpp
         ModuleSceneIntro.cpp
     1>c:\users\pau\documents\github\pinballgame\physics2_class3 - handout\modulesceneintro.cpp(162): warning C4244: 'argument' : conversion from 'int' to 'float', possible loss of data
     1>c:\users\pau\documents\github\pinballgame\physics2_class3 - handout\modulesceneintro.cpp(164): warning C4244: 'argument' : conversion from 'int' to 'float', possible loss of data
     1>c:\users\pau\documents\github\pinballgame\physics2_class3 - handout\modulesceneintro.cpp(166): warning C4244: 'argument' : conversion from 'float' to 'int', possible loss of data
     1>c:\users\pau\documents\github\pinballgame\physics2_class3 - handout\modulesceneintro.cpp(169): warning C4244: 'argument' : conversion from 'float' to 'int', possible loss of data
       Link:
         C:\Program Files (x86)\Microsoft Visual Studio 12.0\VC\bin\link.exe /ERRORREPORT:PROMPT /OUT:"C:\Users\Pau\Documents\GitHub\PinballGame\Physics2_class3 - handout\Debug\2D Physics - class 3.exe" /INCREMENTAL /NOLOGO kernel32.lib user32.lib gdi32.lib winspool.lib comdlg32.lib advapi32.lib shell32.lib ole32.lib oleaut32.lib uuid.lib odbc32.lib odbccp32.lib /MANIFEST /MANIFESTUAC:"level='asInvoker' uiAccess='false'" /manifest:embed /DEBUG /PDB:"C:\Users\Pau\Documents\GitHub\PinballGame\Physics2_class3 - handout\Debug\2D Physics - class 3.pdb" /SUBSYSTEM:WINDOWS /TLBID:1 /DYNAMICBASE /NXCOMPAT /IMPLIB:"C:\Users\Pau\Documents\GitHub\PinballGame\Physics2_class3 - handout\Debug\2D Physics - class 3.lib" /MACHINE:X86 Debug\Application.obj
         Debug\log.obj
         Debug\Main.obj
         Debug\ModuleAudio.obj
         Debug\ModuleInput.obj
         Debug\ModulePhysics.obj
         Debug\ModulePlayer.obj
         Debug\ModuleRender.obj
         Debug\ModuleSceneIntro.obj
         Debug\ModuleTextures.obj
         Debug\ModuleWindow.obj
         SDL Game.vcxproj -> C:\Users\Pau\Documents\GitHub\PinballGame\Physics2_class3 - handout\Debug\2D Physics - class 3.exe
     1>Done Building Project "C:\Users\Pau\Documents\GitHub\PinballGame\Physics2_class3 - handout\SDL Game.vcxproj" (Build target(s)).

Build succeeded.

Time Elapsed 00:00:01.09
